Determining if the pthread_create exist failed with the following output:
Change Dir: /home/bbkgl/CLionProjects/bbkgl/cmake-build-debug/CMakeFiles/CMakeTmp

Run Build Command:"/usr/bin/make" "cmTC_a3918/fast"
/usr/bin/make -f CMakeFiles/cmTC_a3918.dir/build.make CMakeFiles/cmTC_a3918.dir/build
make[1]: Entering directory '/home/bbkgl/CLionProjects/bbkgl/cmake-build-debug/CMakeFiles/CMakeTmp'
Building C object CMakeFiles/cmTC_a3918.dir/CheckSymbolExists.c.o
/usr/bin/cc    -o CMakeFiles/cmTC_a3918.dir/CheckSymbolExists.c.o   -c /home/bbkgl/CLionProjects/bbkgl/cmake-build-debug/CMakeFiles/CMakeTmp/CheckSymbolExists.c
Linking C executable cmTC_a3918
/home/bbkgl/Clion/clion-2018.1.1/bin/cmake/bin/cmake -E cmake_link_script CMakeFiles/cmTC_a3918.dir/link.txt --verbose=1
/usr/bin/cc      CMakeFiles/cmTC_a3918.dir/CheckSymbolExists.c.o  -o cmTC_a3918 
CMakeFiles/cmTC_a3918.dir/CheckSymbolExists.c.o：在函数‘main’中：
CheckSymbolExists.c:(.text+0x16)：对‘pthread_create’未定义的引用
collect2: error: ld returned 1 exit status
CMakeFiles/cmTC_a3918.dir/build.make:97: recipe for target 'cmTC_a3918' failed
make[1]: *** [cmTC_a3918] Error 1
make[1]: Leaving directory '/home/bbkgl/CLionProjects/bbkgl/cmake-build-debug/CMakeFiles/CMakeTmp'
Makefile:126: recipe for target 'cmTC_a3918/fast' failed
make: *** [cmTC_a3918/fast] Error 2

File /home/bbkgl/CLionProjects/bbkgl/cmake-build-debug/CMakeFiles/CMakeTmp/CheckSymbolExists.c:
/* */
#include <pthread.h>

int main(int argc, char** argv)
{
  (void)argv;
#ifndef pthread_create
  return ((int*)(&pthread_create))[argc];
#else
  (void)argc;
  return 0;
#endif
}

Determining if the function pthread_create exists in the pthreads failed with the following output:
Change Dir: /home/bbkgl/CLionProjects/bbkgl/cmake-build-debug/CMakeFiles/CMakeTmp

Run Build Command:"/usr/bin/make" "cmTC_8bdce/fast"
/usr/bin/make -f CMakeFiles/cmTC_8bdce.dir/build.make CMakeFiles/cmTC_8bdce.dir/build
make[1]: Entering directory '/home/bbkgl/CLionProjects/bbkgl/cmake-build-debug/CMakeFiles/CMakeTmp'
Building C object CMakeFiles/cmTC_8bdce.dir/CheckFunctionExists.c.o
/usr/bin/cc   -DCHECK_FUNCTION_EXISTS=pthread_create   -o CMakeFiles/cmTC_8bdce.dir/CheckFunctionExists.c.o   -c /home/bbkgl/Clion/clion-2018.1.1/bin/cmake/share/cmake-3.10/Modules/CheckFunctionExists.c
Linking C executable cmTC_8bdce
/home/bbkgl/Clion/clion-2018.1.1/bin/cmake/bin/cmake -E cmake_link_script CMakeFiles/cmTC_8bdce.dir/link.txt --verbose=1
/usr/bin/cc  -DCHECK_FUNCTION_EXISTS=pthread_create    CMakeFiles/cmTC_8bdce.dir/CheckFunctionExists.c.o  -o cmTC_8bdce -lpthreads 
/usr/bin/ld: 找不到 -lpthreads
collect2: error: ld returned 1 exit status
CMakeFiles/cmTC_8bdce.dir/build.make:97: recipe for target 'cmTC_8bdce' failed
make[1]: *** [cmTC_8bdce] Error 1
make[1]: Leaving directory '/home/bbkgl/CLionProjects/bbkgl/cmake-build-debug/CMakeFiles/CMakeTmp'
Makefile:126: recipe for target 'cmTC_8bdce/fast' failed
make: *** [cmTC_8bdce/fast] Error 2


